
Status: FAILED!
Check: 1
Test: Replace the line of dashes after the poem with the `<hr />`.
Reason: Assertion failed: unexpectedly None : Webpage does not contain an hr element
Error : AssertionError - unexpectedly None : Webpage does not contain an hr element
Timestamp: 2024-09-23 20:26:39.352156
