
Status: FAILED!
Check: 2
Test: Insert three `&nbsp;` character entities to indent the text of those lines three spaces
Reason: Unable to find '&nbsp;&nbsp;&nbsp;' in the program. 
Error : str - AssertionError
Timestamp: 2024-09-23 20:40:57.934666
