
Status: FAILED!
Check: 1
Test: Insert the six `<section>`, `<img>` and `alt-text` elements.
Reason: Assertion failed: 0 != 6 : Expected 6 img elements within the body.
Error : AssertionError - 0 != 6 : Expected 6 img elements within the body.
Timestamp: 2024-09-23 21:45:30.941380
